Error 2022-10-18 08:44 : 7000 PROTO - General
Error 2022-10-18 08:44 : AIL - General
Error 2022-10-18 08:44 : AMC1-General
Error 2022-10-18 08:44 : AMC2-General
Error 2022-10-18 08:44 : AMC3-General
Error 2022-10-18 08:44 : AMC4 - General
Error 2022-10-18 08:44 : AMG1
Error 2022-10-18 08:44 : AMG1 - General 1
Error 2022-10-18 08:44 : AMG1 - General 2
Error 2022-10-18 08:44 : AMG1-SK-1
Error 2022-10-18 08:44 : AMG1-AMT-Assembly
Error 2022-10-18 08:44 : AMG1-AMT-Cutting
Error 2022-10-18 08:44 : AMG1-AMT-Preassembly
Error 2022-10-18 08:44 : AMG2
Error 2022-10-18 08:44 : AMG2 - General 1
Error 2022-10-18 08:44 : AMG2 - General 2
Error 2022-10-18 08:44 : AMG2 - SK - General
Error 2022-10-18 08:44 : AMG2-AMT-Assembly
Error 2022-10-18 08:44 : AMG2-AMT-Cutting
Error 2022-10-18 08:44 : AMG2-AMT-Preassembly
Error 2022-10-18 08:44 : AMG3
Error 2022-10-18 08:44 : AMG3 - General	1
Error 2022-10-18 08:44 : AMG3 - General 2
Error 2022-10-18 08:44 : AMG3 - SK - 1
Error 2022-10-18 08:44 : AMG3 - SK - Genera
Error 2022-10-18 08:44 : AMG3-AMT-Assembly
Error 2022-10-18 08:44 : AMG3-AMT-Cutting
Error 2022-10-18 08:44 : AMG3-AMT-Preassembly
Error 2022-10-18 08:44 : AMG4
Error 2022-10-18 08:44 : AMG4 - General 1
Error 2022-10-18 08:44 : AMG4 - General 2
Error 2022-10-18 08:44 : AMG4K - SK - General
Error 2022-10-18 08:44 : AMG4-AMT-Assembly
Error 2022-10-18 08:44 : AMG4-AMT-Cutting
Error 2022-10-18 08:44 : AMG5
Error 2022-10-18 08:44 : AMG5 - General 1
Error 2022-10-18 08:44 : AMG5 - General 2
Error 2022-10-18 08:44 : AMG5-AMT-Assembly
Error 2022-10-18 08:44 : AMG6-AMT-Cutting
Error 2022-10-18 08:44 : AMG6
Error 2022-10-18 08:44 : AMG6 - General 1
Error 2022-10-18 08:44 : AMG6 - General 2
Error 2022-10-18 08:44 : AMG6-AMT-Assembly
Error 2022-10-18 08:44 : AMG6-AMT-Preassembly
Error 2022-10-18 08:44 : AMG7 - General	1
Error 2022-10-18 08:44 : AMG7 - General 2
Error 2022-10-18 08:44 : AMG8 - General
Error 2022-10-18 08:44 : AMG8 - General 1
Error 2022-10-18 08:44 : AMG8 - General 2
Error 2022-10-18 08:44 : AMG8-AMT-Assembly - General
Error 2022-10-18 08:48 : 7000 PROTO - General
Error 2022-10-18 08:48 : AIL - General
Error 2022-10-18 08:48 : AMC1-General
Error 2022-10-18 08:48 : AMC2-General
Error 2022-10-18 08:48 : AMC3-General
Error 2022-10-18 08:48 : AMC4 - General
Error 2022-10-18 08:48 : AMG1
Error 2022-10-18 08:48 : AMG1 - General 1
Error 2022-10-18 08:48 : AMG1 - General 2
Error 2022-10-18 08:48 : AMG1-SK-1
Error 2022-10-18 08:48 : AMG1-AMT-Assembly
Error 2022-10-18 08:48 : AMG1-AMT-Cutting
Error 2022-10-18 08:48 : AMG1-AMT-Preassembly
Error 2022-10-18 08:48 : AMG2
Error 2022-10-18 08:48 : AMG2 - General 1
Error 2022-10-18 08:48 : AMG2 - General 2
Error 2022-10-18 08:48 : AMG2 - SK - General
Error 2022-10-18 08:48 : AMG2-AMT-Assembly
Error 2022-10-18 08:48 : AMG2-AMT-Cutting
Error 2022-10-18 08:48 : AMG2-AMT-Preassembly
Error 2022-10-18 08:48 : AMG3
Error 2022-10-18 08:48 : AMG3 - General	1
Error 2022-10-18 08:48 : AMG3 - General 2
Error 2022-10-18 08:48 : AMG3 - SK - 1
Error 2022-10-18 08:48 : AMG3 - SK - Genera
Error 2022-10-18 08:48 : AMG3-AMT-Assembly
Error 2022-10-18 08:48 : AMG3-AMT-Cutting
Error 2022-10-18 08:48 : AMG3-AMT-Preassembly
Error 2022-10-18 08:48 : AMG4
Error 2022-10-18 08:48 : AMG4 - General 1
Error 2022-10-18 08:48 : AMG4 - General 2
Error 2022-10-18 08:48 : AMG4K - SK - General
Error 2022-10-18 08:48 : AMG4-AMT-Assembly
Error 2022-10-18 08:48 : AMG4-AMT-Cutting
Error 2022-10-18 08:48 : AMG5
Error 2022-10-18 08:48 : AMG5 - General 1
Error 2022-10-18 08:48 : AMG5 - General 2
Error 2022-10-18 08:48 : AMG5-AMT-Assembly
Error 2022-10-18 08:48 : AMG6-AMT-Cutting
Error 2022-10-18 08:48 : AMG6
Error 2022-10-18 08:48 : AMG6 - General 1
Error 2022-10-18 08:48 : AMG6 - General 2
Error 2022-10-18 08:48 : AMG6-AMT-Assembly
Error 2022-10-18 08:48 : AMG6-AMT-Preassembly
Error 2022-10-18 08:48 : AMG7 - General	1
Error 2022-10-18 08:48 : AMG7 - General 2
Error 2022-10-18 08:48 : AMG8 - General
Error 2022-10-18 08:48 : AMG8 - General 1
Error 2022-10-18 08:48 : AMG8 - General 2
Error 2022-10-18 08:48 : AMG8-AMT-Assembly - General
Error 2022-10-18 09:47 : Key: 'request.Resourse' Error:Field validation for 'Resourse' failed on the 'required' tag
Error 2022-10-18 09:48 : Key: 'request.Resourse' Error:Field validation for 'Resourse' failed on the 'required' tag
Error 2022-10-18 09:57 : Invalid resource name(s) specified, 0 found for [object Object]
Error 2022-10-18 09:57 : Invalid resource name(s) specified, 0 found for [object Object]
Log 2022-10-18 09:58 : Opened dispatch: test 
Log 2022-10-18 09:58 : Opened dispatch: test 
Log 2022-10-18 09:58 : Opened dispatch: test 
Log 2022-10-18 09:58 : Opened dispatch: test 
Log 2022-10-18 09:58 : Opened dispatch: test 
Log 2022-10-18 09:58 : Opened dispatch: test 
Log 2022-10-18 09:58 : Opened dispatch: test 
Log 2022-10-18 09:58 : Opened dispatch: test 
Log 2022-10-18 09:58 : Opened dispatch: test 
Log 2022-10-18 09:58 : Opened dispatch: test 
Log 2022-10-18 09:58 : Opened dispatch: test 
Log 2022-10-18 09:58 : Opened dispatch: test 
Log 2022-10-18 09:58 : Opened dispatch: test 
Log 2022-10-18 09:58 : Opened dispatch: test 
Log 2022-10-18 09:58 : Opened dispatch: test 
Log 2022-10-18 09:58 : Opened dispatch: test 
Log 2022-10-18 09:58 : Opened dispatch: test 
Log 2022-10-18 09:58 : Opened dispatch: test 
Log 2022-10-18 09:58 : Opened dispatch: test 
Log 2022-10-18 09:58 : Opened dispatch: test 
Log 2022-10-18 09:58 : Opened dispatch: test 
Log 2022-10-18 09:58 : Opened dispatch: test 
Log 2022-10-18 09:58 : Opened dispatch: test 
Log 2022-10-18 09:58 : Opened dispatch: test 
Log 2022-10-18 09:58 : Opened dispatch: test 
Log 2022-10-18 09:58 : Opened dispatch: test 
Log 2022-10-18 09:58 : Opened dispatch: test 
Log 2022-10-18 09:58 : Opened dispatch: test 
Log 2022-10-18 09:58 : Opened dispatch: test 
Log 2022-10-18 09:58 : Opened dispatch: test 
Log 2022-10-18 09:58 : Opened dispatch: test 
Log 2022-10-18 09:58 : Opened dispatch: test 
Log 2022-10-18 09:58 : Opened dispatch: test 
Log 2022-10-18 09:58 : Opened dispatch: test 
Log 2022-10-18 09:58 : Opened dispatch: test 
Log 2022-10-18 09:58 : Opened dispatch: test 
Log 2022-10-18 09:58 : Opened dispatch: test 
Log 2022-10-18 09:58 : Opened dispatch: test 
Log 2022-10-18 09:58 : Opened dispatch: test 
Log 2022-10-18 09:58 : Opened dispatch: test 
Log 2022-10-18 09:58 : Opened dispatch: test 
Log 2022-10-18 09:58 : Opened dispatch: test 
Log 2022-10-18 09:58 : Opened dispatch: test 
Log 2022-10-18 09:58 : Opened dispatch: test 
Log 2022-10-18 09:58 : Opened dispatch: test 
Log 2022-10-18 09:58 : Opened dispatch: test 
Log 2022-10-18 09:58 : Opened dispatch: test 
Log 2022-10-18 09:58 : Opened dispatch: test 
Log 2022-10-18 09:58 : Opened dispatch: test 
Log 2022-10-18 09:58 : Opened dispatch: test 
Log 2022-10-18 10:26 : Opened dispatch: test with dispatchnumber: 2870201 
Log 2022-10-18 10:26 : Opened dispatch: test with dispatchnumber: 2870202 
Log 2022-10-18 10:26 : Opened dispatch: test with dispatchnumber: 2870203 
Log 2022-10-18 10:26 : Opened dispatch: test with dispatchnumber: 2870204 
Log 2022-10-18 10:26 : Opened dispatch: test with dispatchnumber: 2870205 
Log 2022-10-18 10:26 : Opened dispatch: test with dispatchnumber: 2870206 
Log 2022-10-18 10:26 : Opened dispatch: test with dispatchnumber: 2870207 
Log 2022-10-18 10:26 : Opened dispatch: test with dispatchnumber: 2870208 
Log 2022-10-18 10:26 : Opened dispatch: test with dispatchnumber: 2870209 
Log 2022-10-18 10:26 : Opened dispatch: test with dispatchnumber: 2870210 
Log 2022-10-18 10:26 : Opened dispatch: test with dispatchnumber: 2870211 
Log 2022-10-18 10:26 : Opened dispatch: test with dispatchnumber: 2870212 
Log 2022-10-18 10:26 : Opened dispatch: test with dispatchnumber: 2870213 
Log 2022-10-18 10:26 : Opened dispatch: test with dispatchnumber: 2870214 
Log 2022-10-18 10:26 : Opened dispatch: test with dispatchnumber: 2870215 
Log 2022-10-18 10:26 : Opened dispatch: test with dispatchnumber: 2870216 
Log 2022-10-18 10:26 : Opened dispatch: test with dispatchnumber: 2870217 
Log 2022-10-18 10:26 : Opened dispatch: test with dispatchnumber: 2870218 
Log 2022-10-18 10:26 : Opened dispatch: test with dispatchnumber: 2870219 
Log 2022-10-18 10:26 : Opened dispatch: test with dispatchnumber: 2870220 
Log 2022-10-18 10:26 : Opened dispatch: test with dispatchnumber: 2870221 
Log 2022-10-18 10:26 : Opened dispatch: test with dispatchnumber: 2870222 
Log 2022-10-18 10:26 : Opened dispatch: test with dispatchnumber: 2870223 
Log 2022-10-18 10:26 : Opened dispatch: test with dispatchnumber: 2870224 
Log 2022-10-18 10:26 : Opened dispatch: test with dispatchnumber: 2870225 
Log 2022-10-18 10:26 : Opened dispatch: test with dispatchnumber: 2870226 
Log 2022-10-18 10:26 : Opened dispatch: test with dispatchnumber: 2870227 
Log 2022-10-18 10:26 : Opened dispatch: test with dispatchnumber: 2870228 
Log 2022-10-18 10:26 : Opened dispatch: test with dispatchnumber: 2870229 
Log 2022-10-18 10:26 : Opened dispatch: test with dispatchnumber: 2870230 
Log 2022-10-18 10:26 : Opened dispatch: test with dispatchnumber: 2870231 
Log 2022-10-18 10:26 : Opened dispatch: test with dispatchnumber: 2870232 
Log 2022-10-18 10:26 : Opened dispatch: test with dispatchnumber: 2870233 
Log 2022-10-18 10:26 : Opened dispatch: test with dispatchnumber: 2870234 
Log 2022-10-18 10:26 : Opened dispatch: test with dispatchnumber: 2870235 
Log 2022-10-18 10:26 : Opened dispatch: test with dispatchnumber: 2870236 
Log 2022-10-18 10:26 : Opened dispatch: test with dispatchnumber: 2870237 
Log 2022-10-18 10:26 : Opened dispatch: test with dispatchnumber: 2870238 
Log 2022-10-18 10:26 : Opened dispatch: test with dispatchnumber: 2870239 
Log 2022-10-18 10:26 : Opened dispatch: test with dispatchnumber: 2870240 
Log 2022-10-18 10:26 : Opened dispatch: test with dispatchnumber: 2870241 
Log 2022-10-18 10:26 : Opened dispatch: test with dispatchnumber: 2870242 
Log 2022-10-18 10:26 : Opened dispatch: test with dispatchnumber: 2870243 
Log 2022-10-18 10:26 : Opened dispatch: test with dispatchnumber: 2870244 
Log 2022-10-18 10:26 : Opened dispatch: test with dispatchnumber: 2870245 
Log 2022-10-18 10:26 : Opened dispatch: test with dispatchnumber: 2870246 
Log 2022-10-18 10:26 : Opened dispatch: test with dispatchnumber: 2870247 
Log 2022-10-18 10:27 : Opened dispatch: test with dispatchnumber: 2870248 
Log 2022-10-18 10:27 : Opened dispatch: test with dispatchnumber: 2870249 
Log 2022-10-18 10:27 : Opened dispatch: test with dispatchnumber: 2870250 
Log 2022-10-18 12:25 : Opened dispatch: test with dispatchnumber: 2870346 
Log 2022-10-18 12:25 : Opened dispatch: test with dispatchnumber: 2870347 
Log 2022-10-18 14:36 : Opened dispatch: test with dispatchnumber: 2870478 
Log 2022-10-18 14:38 : Opened dispatch: test with dispatchnumber: 2870482 
Log 2022-10-18 14:41 : Opened dispatch: test with dispatchnumber: 2870494 
Log 2022-10-18 14:42 : Opened dispatch: test with dispatchnumber: 2870499 
Log 2022-10-18 14:47 : Opened dispatch: test with dispatchnumber: 2870511 
Log 2022-10-18 14:50 : Opened dispatch: test with dispatchnumber: 2870517 
Log 2022-10-18 15:00 : Opened dispatch: test with dispatchnumber: 2870529 
